<?xml version="1.0" encoding="UTF-8"?>
<!-- Generated by org.testng.reporters.JUnitReportReporter -->
<testsuite skipped="0" hostname="QT-INBG-LT0596" name="com.smj.practice.CowinNotofication.CowinApplicationNotification" tests="1" failures="0" timestamp="2021-05-08T13:36:22 EDT" time="13.907" errors="0">
  <testcase name="sendNotification" time="13.907" classname="com.smj.practice.CowinNotofication.CowinApplicationNotification"/>
  <system-out>
Clicked on Serach By District Selected on State Selected on District Clicked on Search Selected 18+ Execution completed  </system-out>
</testsuite> <!-- com.smj.practice.CowinNotofication.CowinApplicationNotification -->
