<?xml version="1.0" encoding="UTF-8"?>
<!-- Generated by org.testng.reporters.JUnitReportReporter -->
<testsuite skipped="0" hostname="QT-INBG-LT0596" name="com.smj.practice.CowinNotofication.EmailLibrary" tests="1" failures="0" timestamp="2021-05-08T10:41:37 EDT" time="6.132" errors="0">
  <testcase name="verifyEmail" time="6.132" classname="com.smj.practice.CowinNotofication.EmailLibrary"/>
  <system-out/>
</testsuite> <!-- com.smj.practice.CowinNotofication.EmailLibrary -->
